<?xml version="1.0" encoding="UTF-8"?>
<!-- Generated by org.testng.reporters.JUnitXMLReporter -->
<testsuite ignored="0" hostname="lenovo-PC" failures="0" tests="10" name="loan" time="0.215" errors="0" timestamp="2020-03-06T13:27:37 IST">
  <testcase classname="test.day2" name="carloan" time="0.015"/>
  <testcase classname="test.day2" name="carloan2" time="0.007"/>
  <testcase classname="test.day2" name="carloan3" time="0.006"/>
  <testcase classname="test.day2" name="zdance" time="0.007"/>
  <testcase classname="test.day3" name="bikeloan" time="0.005"/>
  <testcase classname="test.day3" name="bikeloan2" time="0.006"/>
  <testcase classname="test.day3" name="bikeloan3" time="0.006"/>
  <testcase classname="test.day4" name="bankhomeloan" time="0.004"/>
  <testcase classname="test.day4" name="bankhomeloan2" time="0.006"/>
  <testcase classname="test.day4" name="bankhomeloan3" time="0.005"/>
</testsuite> <!-- loan -->
