<?xml version="1.0" encoding="UTF-8"?>
<!-- Generated by org.testng.reporters.JUnitXMLReporter -->
<testsuite ignored="1" hostname="lenovo-PC" failures="0" tests="3" name="loany" time="0.114" errors="0" timestamp="2020-06-28T12:14:21 IST">
  <testcase classname="test.day2" name="carloan" time="0.016"/>
  <testcase classname="test.day2" name="carloan2" time="0.002"/>
  <testcase classname="test.day2" name="carloan3" time="0.002"/>
  <testcase classname="test.day2" name="zdance" time="0.0">
    <ignored/>
  </testcase> <!-- zdance -->
</testsuite> <!-- loany -->
