<?xml version="1.0" encoding="UTF-8"?>
<testng-results ignored="1" total="4" passed="3" failed="0" skipped="0">
  <reporter-output>
  </reporter-output>
  <suite started-at="2020-06-28T12:14:21 IST" name="Suite" finished-at="2020-06-28T12:14:21 IST" duration-ms="114">
    <groups>
      <group name="smoke">
        <method signature="day2.carloan3()[pri:0, instance:test.day2@17a7f733]" name="carloan3" class="test.day2"/>
      </group> <!-- smoke -->
    </groups>
    <test started-at="2020-06-28T12:14:21 IST" name="loany" finished-at="2020-06-28T12:14:21 IST" duration-ms="114">
      <class name="test.day2">
        <test-method signature="carloan()[pri:0, instance:test.day2@17a7f733]" started-at="2020-06-28T12:14:21 IST" name="carloan" finished-at="2020-06-28T12:14:21 IST" duration-ms="16" status="PASS">
          <reporter-output>
          </reporter-output>
        </test-method> <!-- carloan -->
        <test-method signature="carloan2()[pri:0, instance:test.day2@17a7f733]" started-at="2020-06-28T12:14:21 IST" name="carloan2" finished-at="2020-06-28T12:14:21 IST" duration-ms="2" status="PASS">
          <reporter-output>
          </reporter-output>
        </test-method> <!-- carloan2 -->
        <test-method signature="carloan3()[pri:0, instance:test.day2@17a7f733]" started-at="2020-06-28T12:14:21 IST" name="carloan3" finished-at="2020-06-28T12:14:21 IST" duration-ms="2" status="PASS">
          <reporter-output>
          </reporter-output>
        </test-method> <!-- carloan3 -->
        <test-method is-config="true" signature="westerdance()[pri:0, instance:test.day2@17a7f733]" started-at="2020-06-28T12:14:21 IST" name="westerdance" finished-at="2020-06-28T12:14:21 IST" duration-ms="2" status="PASS">
          <reporter-output>
          </reporter-output>
        </test-method> <!-- westerdance -->
      </class> <!-- test.day2 -->
    </test> <!-- loany -->
  </suite> <!-- Suite -->
</testng-results>
